TN:
SF:/home/david/atributo/index.js
FN:9,once
FN:12,(anonymous_1)
FN:24,(anonymous_2)
FN:35,(anonymous_3)
FN:36,(anonymous_4)
FN:44,(anonymous_5)
FN:47,(anonymous_6)
FN:49,(anonymous_7)
FN:55,(anonymous_8)
FN:66,(anonymous_9)
FN:71,(anonymous_10)
FN:73,(anonymous_11)
FN:77,(anonymous_12)
FN:81,(anonymous_13)
FN:82,(anonymous_14)
FN:86,(anonymous_15)
FN:90,(anonymous_16)
FN:91,(anonymous_17)
FN:98,(anonymous_18)
FN:100,(anonymous_19)
FN:102,(anonymous_20)
FN:105,(anonymous_21)
FN:107,(anonymous_22)
FN:109,(anonymous_23)
FN:111,(anonymous_24)
FN:113,(anonymous_25)
FN:119,(anonymous_26)
FN:131,(anonymous_27)
FN:133,(anonymous_28)
FN:135,(anonymous_29)
FN:138,(anonymous_30)
FN:144,(anonymous_31)
FN:155,(anonymous_32)
FN:161,(anonymous_33)
FN:170,(anonymous_34)
FN:174,(anonymous_35)
FN:176,(anonymous_36)
FN:178,(anonymous_37)
FN:184,(anonymous_38)
FN:188,(anonymous_39)
FN:191,(anonymous_40)
FN:193,(anonymous_41)
FN:195,(anonymous_42)
FN:201,(anonymous_43)
FN:203,(anonymous_44)
FN:205,(anonymous_45)
FN:208,(anonymous_46)
FN:210,(anonymous_47)
FN:212,(anonymous_48)
FN:217,(anonymous_49)
FN:225,(anonymous_50)
FN:228,(anonymous_51)
FN:241,(anonymous_52)
FN:243,(anonymous_53)
FN:245,(anonymous_54)
FN:250,(anonymous_55)
FN:257,(anonymous_56)
FN:261,(anonymous_57)
FN:268,(anonymous_58)
FN:272,(anonymous_59)
FN:274,(anonymous_60)
FN:281,(anonymous_61)
FN:287,(anonymous_62)
FN:297,(anonymous_63)
FN:299,(anonymous_64)
FN:304,(anonymous_65)
FN:308,(anonymous_66)
FNF:67
FNH:67
FNDA:1653,once
FNDA:1653,(anonymous_1)
FNDA:40,(anonymous_2)
FNDA:1,(anonymous_3)
FNDA:39,(anonymous_4)
FNDA:2390,(anonymous_5)
FNDA:1355,(anonymous_6)
FNDA:1355,(anonymous_7)
FNDA:2,(anonymous_8)
FNDA:37,(anonymous_9)
FNDA:528,(anonymous_10)
FNDA:531,(anonymous_11)
FNDA:203,(anonymous_12)
FNDA:202,(anonymous_13)
FNDA:1,(anonymous_14)
FNDA:328,(anonymous_15)
FNDA:326,(anonymous_16)
FNDA:2,(anonymous_17)
FNDA:527,(anonymous_18)
FNDA:527,(anonymous_19)
FNDA:527,(anonymous_20)
FNDA:60,(anonymous_21)
FNDA:27,(anonymous_22)
FNDA:60,(anonymous_23)
FNDA:60,(anonymous_24)
FNDA:60,(anonymous_25)
FNDA:33,(anonymous_26)
FNDA:20,(anonymous_27)
FNDA:2,(anonymous_28)
FNDA:20,(anonymous_29)
FNDA:20,(anonymous_30)
FNDA:18,(anonymous_31)
FNDA:9,(anonymous_32)
FNDA:9,(anonymous_33)
FNDA:20,(anonymous_34)
FNDA:13,(anonymous_35)
FNDA:13,(anonymous_36)
FNDA:13,(anonymous_37)
FNDA:12,(anonymous_38)
FNDA:1,(anonymous_39)
FNDA:8,(anonymous_40)
FNDA:8,(anonymous_41)
FNDA:8,(anonymous_42)
FNDA:7,(anonymous_43)
FNDA:10,(anonymous_44)
FNDA:1,(anonymous_45)
FNDA:3,(anonymous_46)
FNDA:3,(anonymous_47)
FNDA:3,(anonymous_48)
FNDA:2,(anonymous_49)
FNDA:1,(anonymous_50)
FNDA:447,(anonymous_51)
FNDA:171,(anonymous_52)
FNDA:447,(anonymous_53)
FNDA:447,(anonymous_54)
FNDA:336,(anonymous_55)
FNDA:167,(anonymous_56)
FNDA:167,(anonymous_57)
FNDA:166,(anonymous_58)
FNDA:679,(anonymous_59)
FNDA:166,(anonymous_60)
FNDA:165,(anonymous_61)
FNDA:105,(anonymous_62)
FNDA:281,(anonymous_63)
FNDA:281,(anonymous_64)
FNDA:77,(anonymous_65)
FNDA:166,(anonymous_66)
DA:3,11
DA:4,11
DA:5,11
DA:6,11
DA:7,11
DA:11,1653
DA:12,1653
DA:14,1653
DA:16,1653
DA:17,1653
DA:26,40
DA:28,40
DA:33,40
DA:35,40
DA:36,40
DA:44,2390
DA:49,1355
DA:51,1355
DA:53,279
DA:55,2
DA:59,277
DA:62,1076
DA:68,37
DA:73,528
DA:75,531
DA:77,203
DA:79,203
DA:81,202
DA:82,1
DA:86,328
DA:88,328
DA:90,326
DA:91,2
DA:95,528
DA:100,527
DA:101,527
DA:102,527
DA:107,60
DA:109,60
DA:111,60
DA:115,60
DA:123,33
DA:133,20
DA:135,20
DA:137,20
DA:140,20
DA:146,18
DA:152,20
DA:154,9
DA:157,9
DA:163,9
DA:170,20
DA:176,13
DA:180,13
DA:186,12
DA:188,1
DA:193,8
DA:197,8
DA:203,10
DA:205,1
DA:210,3
DA:214,3
DA:219,2
DA:221,6
DA:223,2
DA:225,1
DA:230,447
DA:232,275
DA:233,275
DA:236,447
DA:241,447
DA:243,447
DA:245,447
DA:247,447
DA:252,336
DA:254,169
DA:257,167
DA:259,167
DA:263,167
DA:265,1
DA:268,166
DA:270,166
DA:272,679
DA:276,166
DA:278,1
DA:281,165
DA:283,165
DA:289,105
DA:299,281
DA:301,281
DA:304,77
DA:308,11
DA:310,166
DA:311,166
DA:312,166
DA:313,166
DA:316,11
LF:97
LH:97
BRDA:14,0,0,1653
BRDA:14,0,1,0
BRDA:51,1,0,279
BRDA:51,1,1,1076
BRDA:51,2,0,1355
BRDA:51,2,1,280
BRDA:53,3,0,2
BRDA:53,3,1,277
BRDA:75,4,0,203
BRDA:75,4,1,328
BRDA:81,5,0,202
BRDA:81,5,1,201
BRDA:152,6,0,9
BRDA:152,6,1,11
BRDA:230,7,0,275
BRDA:230,7,1,172
BRDA:252,8,0,169
BRDA:252,8,1,167
BRDA:263,9,0,1
BRDA:263,9,1,166
BRDA:276,10,0,1
BRDA:276,10,1,165
BRF:22
BRH:21
end_of_record
