TN:
SF:/home/david/atributo/index.js
FN:9,(anonymous_0)
FN:17,(anonymous_1)
FN:19,(anonymous_2)
FN:23,(anonymous_3)
FN:35,(anonymous_4)
FN:36,(anonymous_5)
FN:44,(anonymous_6)
FN:49,(anonymous_7)
FN:54,(anonymous_8)
FN:56,(anonymous_9)
FN:60,(anonymous_10)
FN:64,(anonymous_11)
FN:67,(anonymous_12)
FN:71,(anonymous_13)
FN:75,(anonymous_14)
FN:77,(anonymous_15)
FN:79,(anonymous_16)
FN:84,(anonymous_17)
FN:90,(anonymous_18)
FN:102,(anonymous_19)
FN:105,(anonymous_20)
FN:110,(anonymous_21)
FN:116,(anonymous_22)
FN:127,(anonymous_23)
FN:133,(anonymous_24)
FN:143,(anonymous_25)
FN:148,(anonymous_26)
FN:150,(anonymous_27)
FN:152,(anonymous_28)
FN:158,(anonymous_29)
FN:165,(anonymous_30)
FN:167,(anonymous_31)
FN:169,(anonymous_32)
FN:175,(anonymous_33)
FN:177,(anonymous_34)
FN:182,(anonymous_35)
FN:184,(anonymous_36)
FN:186,(anonymous_37)
FN:191,(anonymous_38)
FN:202,(anonymous_39)
FN:218,(anonymous_40)
FN:220,(anonymous_41)
FN:225,(anonymous_42)
FN:231,(anonymous_43)
FN:238,(anonymous_44)
FN:242,(anonymous_45)
FN:249,(anonymous_46)
FN:253,(anonymous_47)
FN:255,(anonymous_48)
FN:262,(anonymous_49)
FN:268,(anonymous_50)
FN:277,(anonymous_51)
FN:279,(anonymous_52)
FN:288,(anonymous_53)
FNF:54
FNH:54
FNDA:7,(anonymous_0)
FNDA:88,(anonymous_1)
FNDA:88,(anonymous_2)
FNDA:6,(anonymous_3)
FNDA:1,(anonymous_4)
FNDA:6,(anonymous_5)
FNDA:199,(anonymous_6)
FNDA:1,(anonymous_7)
FNDA:66,(anonymous_8)
FNDA:66,(anonymous_9)
FNDA:7,(anonymous_10)
FNDA:7,(anonymous_11)
FNDA:59,(anonymous_12)
FNDA:59,(anonymous_13)
FNDA:18,(anonymous_14)
FNDA:18,(anonymous_15)
FNDA:18,(anonymous_16)
FNDA:18,(anonymous_17)
FNDA:12,(anonymous_18)
FNDA:2,(anonymous_19)
FNDA:2,(anonymous_20)
FNDA:2,(anonymous_21)
FNDA:2,(anonymous_22)
FNDA:1,(anonymous_23)
FNDA:1,(anonymous_24)
FNDA:2,(anonymous_25)
FNDA:11,(anonymous_26)
FNDA:11,(anonymous_27)
FNDA:11,(anonymous_28)
FNDA:11,(anonymous_29)
FNDA:6,(anonymous_30)
FNDA:6,(anonymous_31)
FNDA:6,(anonymous_32)
FNDA:6,(anonymous_33)
FNDA:7,(anonymous_34)
FNDA:1,(anonymous_35)
FNDA:1,(anonymous_36)
FNDA:1,(anonymous_37)
FNDA:1,(anonymous_38)
FNDA:46,(anonymous_39)
FNDA:46,(anonymous_40)
FNDA:46,(anonymous_41)
FNDA:46,(anonymous_42)
FNDA:46,(anonymous_43)
FNDA:16,(anonymous_44)
FNDA:16,(anonymous_45)
FNDA:15,(anonymous_46)
FNDA:36,(anonymous_47)
FNDA:15,(anonymous_48)
FNDA:14,(anonymous_49)
FNDA:14,(anonymous_50)
FNDA:4,(anonymous_51)
FNDA:4,(anonymous_52)
FNDA:15,(anonymous_53)
DA:1,1
DA:2,1
DA:3,1
DA:4,1
DA:5,1
DA:11,7
DA:13,7
DA:19,88
DA:21,88
DA:23,6
DA:25,6
DA:28,82
DA:33,7
DA:35,7
DA:36,7
DA:44,199
DA:46,7
DA:51,1
DA:56,66
DA:58,66
DA:60,7
DA:62,7
DA:64,7
DA:67,59
DA:69,59
DA:71,59
DA:77,18
DA:81,18
DA:86,18
DA:94,12
DA:104,2
DA:107,2
DA:112,2
DA:118,2
DA:124,2
DA:126,1
DA:129,1
DA:135,1
DA:142,2
DA:143,2
DA:150,11
DA:154,11
DA:160,11
DA:167,6
DA:171,6
DA:177,7
DA:184,1
DA:188,1
DA:193,1
DA:195,3
DA:197,1
DA:204,46
DA:206,45
DA:207,45
DA:210,46
DA:215,46
DA:218,46
DA:222,46
DA:227,46
DA:233,46
DA:235,30
DA:238,16
DA:240,16
DA:244,16
DA:246,1
DA:249,15
DA:251,15
DA:253,36
DA:257,15
DA:259,1
DA:262,14
DA:264,14
DA:270,14
DA:279,4
DA:281,4
DA:288,1
DA:290,15
DA:291,15
DA:292,15
DA:293,15
DA:296,1
LF:81
LH:81
BRDA:21,0,0,6
BRDA:21,0,1,82
BRDA:21,1,0,88
BRDA:21,1,1,7
BRDA:58,2,0,7
BRDA:58,2,1,59
BRDA:64,3,0,7
BRDA:64,3,1,7
BRDA:124,4,0,1
BRDA:124,4,1,1
BRDA:204,5,0,45
BRDA:204,5,1,1
BRDA:233,6,0,30
BRDA:233,6,1,16
BRDA:244,7,0,1
BRDA:244,7,1,15
BRDA:257,8,0,1
BRDA:257,8,1,14
BRF:18
BRH:18
end_of_record
